<?xml version="1.0" encoding="UTF-8"?>
<!-- Generated by org.testng.reporters.JUnitXMLReporter -->
<testsuite hostname="DESKTOP-QD4L39H" name="Default test" tests="1" failures="0" timestamp="12 Mar 2016 00:52:37 GMT" time="0.025" errors="0">
  <testcase name="@BeforeClass InitializeSelenium" time="0.0" classname="testholder.textHolder1">
    <failure type="org.testng.TestNGException" message="
Parameter &amp;apos;AppUrl&amp;apos; is required by @Configuration on method InitializeSelenium but has not been marked @Optional or defined
in C:\Users\sandeep\AppData\Local\Temp\testng-eclipse--1398900572\testng-customsuite.xml">
      <![CDATA[org.testng.TestNGException: 
Parameter 'AppUrl' is required by @Configuration on method InitializeSelenium but has not been marked @Optional or defined
in C:\Users\sandeep\AppData\Local\Temp\testng-eclipse--1398900572\testng-customsuite.xml
	at org.testng.internal.Parameters.createParameters(Parameters.java:165)
	at org.testng.internal.Parameters.createParameters(Parameters.java:372)
	at org.testng.internal.Parameters.createConfigurationParameters(Parameters.java:90)
	at org.testng.internal.Invoker.invokeConfigurations(Invoker.java:199)
	at org.testng.internal.Invoker.invokeConfigurations(Invoker.java:140)
	at org.testng.internal.TestMethodWorker.invokeBeforeClassMethods(TestMethodWorker.java:170)
	at org.testng.internal.TestMethodWorker.run(TestMethodWorker.java:104)
	at org.testng.TestRunner.privateRun(TestRunner.java:771)
	at org.testng.TestRunner.run(TestRunner.java:621)
	at org.testng.SuiteRunner.runTest(SuiteRunner.java:357)
	at org.testng.SuiteRunner.runSequentially(SuiteRunner.java:352)
	at org.testng.SuiteRunner.privateRun(SuiteRunner.java:310)
	at org.testng.SuiteRunner.run(SuiteRunner.java:259)
	at org.testng.SuiteRunnerWorker.runSuite(SuiteRunnerWorker.java:52)
	at org.testng.SuiteRunnerWorker.run(SuiteRunnerWorker.java:86)
	at org.testng.TestNG.runSuitesSequentially(TestNG.java:1199)
	at org.testng.TestNG.runSuitesLocally(TestNG.java:1124)
	at org.testng.TestNG.run(TestNG.java:1032)
	at org.testng.remote.RemoteTestNG.run(RemoteTestNG.java:111)
	at org.testng.remote.RemoteTestNG.initAndRun(RemoteTestNG.java:204)
	at org.testng.remote.RemoteTestNG.main(RemoteTestNG.java:175)
]]>
    </failure>
  </testcase> <!-- @BeforeClass InitializeSelenium -->
  <testcase name="@AfterClass CloseBrowser" time="0.0" classname="testholder.textHolder1">
    <skipped/>
  </testcase> <!-- @AfterClass CloseBrowser -->
  <testcase name="testcase1" time="0.0" classname="testholder.textHolder1">
    <skipped/>
  </testcase> <!-- testcase1 -->
</testsuite> <!-- Default test -->
