<?xml version="1.0" encoding="UTF-8"?>
<!-- Generated by org.testng.reporters.JUnitXMLReporter -->
<testsuite hostname="DESKTOP-QD4L39H" name="Test" tests="2" failures="1" timestamp="17 Apr 2016 16:58:06 GMT" time="139.491" errors="0">
  <testcase name="TestCase1" time="14.208" classname="testholder.textHolder1"/>
  <testcase name="TestCase2" time="111.478" classname="testholder.textHolder1">
    <failure type="org.openqa.selenium.TimeoutException" message="Timed out after 60 seconds waiting for visibility of element located by By.xpath: //*[@id=&amp;apos;package-origin&amp;apos;]
Build info: version: &amp;apos;2.50.0&amp;apos;, revision: &amp;apos;1070ace&amp;apos;, time: &amp;apos;2016-01-27 18:43:24&amp;apos;
System info: host: &amp;apos;DESKTOP-QD4L39H&amp;apos;, ip: &amp;apos;192.168.1.14&amp;apos;, os.name: &amp;apos;Windows 10&amp;apos;, os.arch: &amp;apos;amd64&amp;apos;, os.version: &amp;apos;10.0&amp;apos;, java.version: &amp;apos;1.8.0_71&amp;apos;
Driver info: driver.version: ActionDriver">
      <![CDATA[org.openqa.selenium.TimeoutException: Timed out after 60 seconds waiting for visibility of element located by By.xpath: //*[@id='package-origin']
Build info: version: '2.50.0', revision: '1070ace', time: '2016-01-27 18:43:24'
System info: host: 'DESKTOP-QD4L39H', ip: '192.168.1.14', os.name: 'Windows 10', os.arch: 'amd64', os.version: '10.0', java.version: '1.8.0_71'
Driver info: driver.version: ActionDriver
	at org.openqa.selenium.support.ui.FluentWait.timeoutException(FluentWait.java:292)
	at org.openqa.selenium.support.ui.FluentWait.until(FluentWait.java:261)
	at seleniumcore.ActionDriver.pollForAnElementXpath(ActionDriver.java:271)
	at seleniumcore.ActionDriver.FindElement(ActionDriver.java:84)
	at seleniumcore.ActionDriver.type(ActionDriver.java:169)
	at TestExecutor.TestExecutor.ReadAndExecuteStepsInXLSheet(TestExecutor.java:106)
	at testholder.textHolder1.TestCase2(textHolder1.java:32)
... Removed 24 stack frames]]>
    </failure>
  </testcase> <!-- TestCase2 -->
</testsuite> <!-- Test -->
